# JRE version: OpenJDK Runtime Environment Microsoft-13877129 (17.0.19+10) (build 17.0.19+10-LTS)
# Java VM: OpenJDK 64-Bit Server VM Microsoft-13877129 (17.0.19+10-LTS, mixed mode, sharing, tiered, compressed oops, compressed class ptrs, g1 gc, windows-amd64)
GC Precious Log:
 CPUs: 12 total, 12 available
 Memory: 5989M
 Large Page Support: Disabled
 NUMA Support: Disabled
 Compressed Oops: Enabled (32-bit)
 Heap Region Size: 1M
 Heap Min Capacity: 8M
 Heap Initial Capacity: 94M
 Heap Max Capacity: 1536M
 Pre-touch: Disabled
 Parallel Workers: 10
 Concurrent Workers: 3
 Concurrent Refinement Workers: 10
 Periodic GC: Disabled
Heap:
 garbage-first heap   total 431104K, used 362985K [0x00000000a0000000, 0x0000000100000000)
  region size 1024K, 6 young (6144K), 3 survivors (3072K)
 Metaspace       used 164961K, committed 167104K, reserved 622592K
  class space    used 21998K, committed 22912K, reserved 425984K
GC Heap History (20 events):
Event: 477.979 GC heap before
{Heap before GC invocations=129 (full 0):
 garbage-first heap   total 348160K, used 307743K [0x00000000a0000000, 0x0000000100000000)
  region size 1024K, 20 young (20480K), 1 survivors (1024K)
 Metaspace       used 165182K, committed 166976K, reserved 622592K
  class space    used 21970K, committed 22848K, reserved 425984K
}
Event: 477.982 GC heap after
{Heap after GC invocations=130 (full 0):
 garbage-first heap   total 348160K, used 289675K [0x00000000a0000000, 0x0000000100000000)
  region size 1024K, 2 young (2048K), 2 survivors (2048K)
 Metaspace       used 165182K, committed 166976K, reserved 622592K
  class space    used 21970K, committed 22848K, reserved 425984K
}
Event: 493.953 GC heap before
{Heap before GC invocations=130 (full 0):
 garbage-first heap   total 348160K, used 308107K [0x00000000a0000000, 0x0000000100000000)
  region size 1024K, 20 young (20480K), 2 survivors (2048K)
 Metaspace       used 165184K, committed 166976K, reserved 622592K
  class space    used 21970K, committed 22848K, reserved 425984K
}
Event: 493.958 GC heap after
{Heap after GC invocations=131 (full 0):
 garbage-first heap   total 348160K, used 289897K [0x00000000a0000000, 0x0000000100000000)
  region size 1024K, 2 young (2048K), 2 survivors (2048K)
 Metaspace       used 165184K, committed 166976K, reserved 622592K
  class space    used 21970K, committed 22848K, reserved 425984K
}
Event: 495.783 GC heap before
{Heap before GC invocations=131 (full 0):
 garbage-first heap   total 348160K, used 308329K [0x00000000a0000000, 0x0000000100000000)
  region size 1024K, 21 young (21504K), 2 survivors (2048K)
 Metaspace       used 165243K, committed 166976K, reserved 622592K
  class space    used 21977K, committed 22848K, reserved 425984K
}
Event: 495.788 GC heap after
{Heap after GC invocations=132 (full 0):
 garbage-first heap   total 348160K, used 290502K [0x00000000a0000000, 0x0000000100000000)
  region size 1024K, 2 young (2048K), 2 survivors (2048K)
 Metaspace       used 165243K, committed 166976K, reserved 622592K
  class space    used 21977K, committed 22848K, reserved 425984K
}
Event: 498.367 GC heap before
{Heap before GC invocations=132 (full 0):
 garbage-first heap   total 348160K, used 309958K [0x00000000a0000000, 0x0000000100000000)
  region size 1024K, 21 young (21504K), 2 survivors (2048K)
 Metaspace       used 165250K, committed 167040K, reserved 622592K
  class space    used 21978K, committed 22848K, reserved 425984K
}
Event: 498.372 GC heap after
{Heap after GC invocations=133 (full 0):
 garbage-first heap   total 348160K, used 291316K [0x00000000a0000000, 0x0000000100000000)
  region size 1024K, 3 young (3072K), 3 survivors (3072K)
 Metaspace       used 165250K, committed 167040K, reserved 622592K
  class space    used 21978K, committed 22848K, reserved 425984K
}
Event: 499.034 GC heap before
{Heap before GC invocations=133 (full 0):
 garbage-first heap   total 348160K, used 308724K [0x00000000a0000000, 0x0000000100000000)
  region size 1024K, 9 young (9216K), 3 survivors (3072K)
 Metaspace       used 165290K, committed 167040K, reserved 622592K
  class space    used 21983K, committed 22848K, reserved 425984K
}
Event: 499.093 GC heap after
{Heap after GC invocations=134 (full 0):
 garbage-first heap   total 348160K, used 309036K [0x00000000a0000000, 0x0000000100000000)
  region size 1024K, 3 young (3072K), 3 survivors (3072K)
 Metaspace       used 165290K, committed 167040K, reserved 622592K
  class space    used 21983K, committed 22848K, reserved 425984K
}
Event: 499.740 GC heap before
{Heap before GC invocations=134 (full 0):
 garbage-first heap   total 349184K, used 347947K [0x00000000a0000000, 0x0000000100000000)
  region size 1024K, 14 young (14336K), 3 survivors (3072K)
 Metaspace       used 165692K, committed 167424K, reserved 622592K
  class space    used 22051K, committed 22912K, reserved 425984K
}
Event: 499.749 GC heap after
{Heap after GC invocations=135 (full 0):
 garbage-first heap   total 356352K, used 331688K [0x00000000a0000000, 0x0000000100000000)
  region size 1024K, 3 young (3072K), 3 survivors (3072K)
 Metaspace       used 165692K, committed 167424K, reserved 622592K
  class space    used 22051K, committed 22912K, reserved 425984K
}
Event: 499.763 GC heap before
{Heap before GC invocations=135 (full 0):
 garbage-first heap   total 361472K, used 360360K [0x00000000a0000000, 0x0000000100000000)
  region size 1024K, 13 young (13312K), 3 survivors (3072K)
 Metaspace       used 165693K, committed 167424K, reserved 622592K
  class space    used 22051K, committed 22912K, reserved 425984K
}
Event: 499.770 GC heap after
{Heap after GC invocations=136 (full 0):
 garbage-first heap   total 368640K, used 343556K [0x00000000a0000000, 0x0000000100000000)
  region size 1024K, 3 young (3072K), 3 survivors (3072K)
 Metaspace       used 165693K, committed 167424K, reserved 622592K
  class space    used 22051K, committed 22912K, reserved 425984K
}
Event: 499.858 GC heap before
{Heap before GC invocations=136 (full 0):
 garbage-first heap   total 376832K, used 375300K [0x00000000a0000000, 0x0000000100000000)
  region size 1024K, 10 young (10240K), 3 survivors (3072K)
 Metaspace       used 165731K, committed 167488K, reserved 622592K
  class space    used 22052K, committed 22912K, reserved 425984K
}
Event: 499.863 GC heap after
{Heap after GC invocations=137 (full 0):
 garbage-first heap   total 382976K, used 355335K [0x00000000a0000000, 0x0000000100000000)
  region size 1024K, 3 young (3072K), 3 survivors (3072K)
 Metaspace       used 165731K, committed 167488K, reserved 622592K
  class space    used 22052K, committed 22912K, reserved 425984K
}
Event: 500.076 GC heap before
{Heap before GC invocations=137 (full 0):
 garbage-first heap   total 382976K, used 369671K [0x00000000a0000000, 0x0000000100000000)
  region size 1024K, 18 young (18432K), 3 survivors (3072K)
 Metaspace       used 165797K, committed 167552K, reserved 622592K
  class space    used 22057K, committed 22912K, reserved 425984K
}
Event: 500.089 GC heap after
{Heap after GC invocations=138 (full 0):
 garbage-first heap   total 431104K, used 361173K [0x00000000a0000000, 0x0000000100000000)
  region size 1024K, 3 young (3072K), 3 survivors (3072K)
 Metaspace       used 165797K, committed 167552K, reserved 622592K
  class space    used 22057K, committed 22912K, reserved 425984K
}
Event: 500.775 GC heap before
{Heap before GC invocations=138 (full 0):
 garbage-first heap   total 431104K, used 380629K [0x00000000a0000000, 0x0000000100000000)
  region size 1024K, 21 young (21504K), 3 survivors (3072K)
 Metaspace       used 165797K, committed 167552K, reserved 622592K
  class space    used 22057K, committed 22912K, reserved 425984K
}
Event: 500.792 GC heap after
{Heap after GC invocations=139 (full 0):
 garbage-first heap   total 431104K, used 370153K [0x00000000a0000000, 0x0000000100000000)
  region size 1024K, 3 young (3072K), 3 survivors (3072K)
 Metaspace       used 165797K, committed 167552K, reserved 622592K
  class space    used 22057K, committed 22912K, reserved 425984K
}

