# JRE version: OpenJDK Runtime Environment Microsoft-13877129 (17.0.19+10) (build 17.0.19+10-LTS)
# Java VM: OpenJDK 64-Bit Server VM Microsoft-13877129 (17.0.19+10-LTS, mixed mode, sharing, tiered, compressed oops, compressed class ptrs, g1 gc, windows-amd64)
GC Precious Log:
 CPUs: 12 total, 12 available
 Memory: 5989M
 Large Page Support: Disabled
 NUMA Support: Disabled
 Compressed Oops: Enabled (32-bit)
 Heap Region Size: 1M
 Heap Min Capacity: 8M
 Heap Initial Capacity: 94M
 Heap Max Capacity: 1536M
 Pre-touch: Disabled
 Parallel Workers: 10
 Concurrent Workers: 3
 Concurrent Refinement Workers: 10
 Periodic GC: Disabled
Heap:
 garbage-first heap   total 490496K, used 394240K [0x00000000a0000000, 0x0000000100000000)
  region size 1024K, 5 young (5120K), 5 survivors (5120K)
 Metaspace       used 131553K, committed 133120K, reserved 557056K
  class space    used 18275K, committed 19008K, reserved 425984K
GC Heap History (20 events):
Event: 193.225 GC heap after
{Heap after GC invocations=97 (full 0):
 garbage-first heap   total 372736K, used 220066K [0x00000000a0000000, 0x0000000100000000)
  region size 1024K, 4 young (4096K), 4 survivors (4096K)
 Metaspace       used 127943K, committed 129408K, reserved 557056K
  class space    used 17545K, committed 18240K, reserved 425984K
}
Event: 193.402 GC heap before
{Heap before GC invocations=97 (full 0):
 garbage-first heap   total 372736K, used 257954K [0x00000000a0000000, 0x0000000100000000)
  region size 1024K, 18 young (18432K), 4 survivors (4096K)
 Metaspace       used 128359K, committed 129920K, reserved 557056K
  class space    used 17614K, committed 18368K, reserved 425984K
}
Event: 193.407 GC heap after
{Heap after GC invocations=98 (full 0):
 garbage-first heap   total 372736K, used 233301K [0x00000000a0000000, 0x0000000100000000)
  region size 1024K, 3 young (3072K), 3 survivors (3072K)
 Metaspace       used 128359K, committed 129920K, reserved 557056K
  class space    used 17614K, committed 18368K, reserved 425984K
}
Event: 194.312 GC heap before
{Heap before GC invocations=98 (full 0):
 garbage-first heap   total 372736K, used 315221K [0x00000000a0000000, 0x0000000100000000)
  region size 1024K, 46 young (47104K), 3 survivors (3072K)
 Metaspace       used 128690K, committed 130176K, reserved 557056K
  class space    used 17657K, committed 18368K, reserved 425984K
}
Event: 194.345 GC heap after
{Heap after GC invocations=99 (full 0):
 garbage-first heap   total 372736K, used 265712K [0x00000000a0000000, 0x0000000100000000)
  region size 1024K, 6 young (6144K), 6 survivors (6144K)
 Metaspace       used 128690K, committed 130176K, reserved 557056K
  class space    used 17657K, committed 18368K, reserved 425984K
}
Event: 195.149 GC heap before
{Heap before GC invocations=99 (full 0):
 garbage-first heap   total 372736K, used 297456K [0x00000000a0000000, 0x0000000100000000)
  region size 1024K, 37 young (37888K), 6 survivors (6144K)
 Metaspace       used 128691K, committed 130176K, reserved 557056K
  class space    used 17657K, committed 18368K, reserved 425984K
}
Event: 195.172 GC heap after
{Heap after GC invocations=100 (full 0):
 garbage-first heap   total 372736K, used 278898K [0x00000000a0000000, 0x0000000100000000)
  region size 1024K, 5 young (5120K), 5 survivors (5120K)
 Metaspace       used 128691K, committed 130176K, reserved 557056K
  class space    used 17657K, committed 18368K, reserved 425984K
}
Event: 195.233 GC heap before
{Heap before GC invocations=100 (full 0):
 garbage-first heap   total 372736K, used 279922K [0x00000000a0000000, 0x0000000100000000)
  region size 1024K, 7 young (7168K), 5 survivors (5120K)
 Metaspace       used 128691K, committed 130176K, reserved 557056K
  class space    used 17657K, committed 18368K, reserved 425984K
}
Event: 195.243 GC heap after
{Heap after GC invocations=101 (full 0):
 garbage-first heap   total 372736K, used 280957K [0x00000000a0000000, 0x0000000100000000)
  region size 1024K, 2 young (2048K), 2 survivors (2048K)
 Metaspace       used 128691K, committed 130176K, reserved 557056K
  class space    used 17657K, committed 18368K, reserved 425984K
}
Event: 195.668 GC heap before
{Heap before GC invocations=102 (full 0):
 garbage-first heap   total 490496K, used 309629K [0x00000000a0000000, 0x0000000100000000)
  region size 1024K, 27 young (27648K), 2 survivors (2048K)
 Metaspace       used 128691K, committed 130176K, reserved 557056K
  class space    used 17657K, committed 18368K, reserved 425984K
}
Event: 195.687 GC heap after
{Heap after GC invocations=103 (full 0):
 garbage-first heap   total 490496K, used 295567K [0x00000000a0000000, 0x0000000100000000)
  region size 1024K, 4 young (4096K), 4 survivors (4096K)
 Metaspace       used 128691K, committed 130176K, reserved 557056K
  class space    used 17657K, committed 18368K, reserved 425984K
}
Event: 196.226 GC heap before
{Heap before GC invocations=103 (full 0):
 garbage-first heap   total 490496K, used 313999K [0x00000000a0000000, 0x0000000100000000)
  region size 1024K, 23 young (23552K), 4 survivors (4096K)
 Metaspace       used 130777K, committed 132224K, reserved 557056K
  class space    used 18181K, committed 18880K, reserved 425984K
}
Event: 196.245 GC heap after
{Heap after GC invocations=104 (full 0):
 garbage-first heap   total 490496K, used 297923K [0x00000000a0000000, 0x0000000100000000)
  region size 1024K, 3 young (3072K), 3 survivors (3072K)
 Metaspace       used 130777K, committed 132224K, reserved 557056K
  class space    used 18181K, committed 18880K, reserved 425984K
}
Event: 196.717 GC heap before
{Heap before GC invocations=104 (full 0):
 garbage-first heap   total 490496K, used 362435K [0x00000000a0000000, 0x0000000100000000)
  region size 1024K, 67 young (68608K), 3 survivors (3072K)
 Metaspace       used 131524K, committed 133056K, reserved 557056K
  class space    used 18274K, committed 19008K, reserved 425984K
}
Event: 196.767 GC heap after
{Heap after GC invocations=105 (full 0):
 garbage-first heap   total 490496K, used 329267K [0x00000000a0000000, 0x0000000100000000)
  region size 1024K, 9 young (9216K), 9 survivors (9216K)
 Metaspace       used 131524K, committed 133056K, reserved 557056K
  class space    used 18274K, committed 19008K, reserved 425984K
}
Event: 196.971 GC heap before
{Heap before GC invocations=105 (full 0):
 garbage-first heap   total 490496K, used 379443K [0x00000000a0000000, 0x0000000100000000)
  region size 1024K, 59 young (60416K), 9 survivors (9216K)
 Metaspace       used 131545K, committed 133120K, reserved 557056K
  class space    used 18275K, committed 19008K, reserved 425984K
}
Event: 197.010 GC heap after
{Heap after GC invocations=106 (full 0):
 garbage-first heap   total 490496K, used 356118K [0x00000000a0000000, 0x0000000100000000)
  region size 1024K, 8 young (8192K), 8 survivors (8192K)
 Metaspace       used 131545K, committed 133120K, reserved 557056K
  class space    used 18275K, committed 19008K, reserved 425984K
}
Event: 197.153 GC heap before
{Heap before GC invocations=106 (full 0):
 garbage-first heap   total 490496K, used 395030K [0x00000000a0000000, 0x0000000100000000)
  region size 1024K, 46 young (47104K), 8 survivors (8192K)
 Metaspace       used 131550K, committed 133120K, reserved 557056K
  class space    used 18275K, committed 19008K, reserved 425984K
}
Event: 197.185 GC heap after
{Heap after GC invocations=107 (full 0):
 garbage-first heap   total 490496K, used 378340K [0x00000000a0000000, 0x0000000100000000)
  region size 1024K, 6 young (6144K), 6 survivors (6144K)
 Metaspace       used 131550K, committed 133120K, reserved 557056K
  class space    used 18275K, committed 19008K, reserved 425984K
}
Event: 197.338 GC heap before
{Heap before GC invocations=107 (full 0):
 garbage-first heap   total 490496K, used 405988K [0x00000000a0000000, 0x0000000100000000)
  region size 1024K, 34 young (34816K), 6 survivors (6144K)
 Metaspace       used 131553K, committed 133120K, reserved 557056K
  class space    used 18275K, committed 19008K, reserved 425984K
}

