# JRE version: OpenJDK Runtime Environment Microsoft-13877129 (17.0.19+10) (build 17.0.19+10-LTS)
# Java VM: OpenJDK 64-Bit Server VM Microsoft-13877129 (17.0.19+10-LTS, mixed mode, sharing, tiered, compressed oops, compressed class ptrs, g1 gc, windows-amd64)
GC Precious Log:
 CPUs: 12 total, 12 available
 Memory: 5989M
 Large Page Support: Disabled
 NUMA Support: Disabled
 Compressed Oops: Enabled (32-bit)
 Heap Region Size: 1M
 Heap Min Capacity: 8M
 Heap Initial Capacity: 94M
 Heap Max Capacity: 1536M
 Pre-touch: Disabled
 Parallel Workers: 10
 Concurrent Workers: 3
 Concurrent Refinement Workers: 10
 Periodic GC: Disabled
Heap:
 garbage-first heap   total 355328K, used 296699K [0x00000000a0000000, 0x0000000100000000)
  region size 1024K, 9 young (9216K), 3 survivors (3072K)
 Metaspace       used 123777K, committed 125248K, reserved 557056K
  class space    used 17339K, committed 18048K, reserved 425984K
GC Heap History (20 events):
Event: 149.933 GC heap before
{Heap before GC invocations=92 (full 0):
 garbage-first heap   total 293888K, used 240740K [0x00000000a0000000, 0x0000000100000000)
  region size 1024K, 72 young (73728K), 1 survivors (1024K)
 Metaspace       used 117380K, committed 118912K, reserved 557056K
  class space    used 16214K, committed 16960K, reserved 425984K
}
Event: 149.941 GC heap after
{Heap after GC invocations=93 (full 0):
 garbage-first heap   total 293888K, used 173280K [0x00000000a0000000, 0x0000000100000000)
  region size 1024K, 5 young (5120K), 5 survivors (5120K)
 Metaspace       used 117380K, committed 118912K, reserved 557056K
  class space    used 16214K, committed 16960K, reserved 425984K
}
Event: 155.165 GC heap before
{Heap before GC invocations=93 (full 0):
 garbage-first heap   total 293888K, used 242912K [0x00000000a0000000, 0x0000000100000000)
  region size 1024K, 74 young (75776K), 5 survivors (5120K)
 Metaspace       used 117501K, committed 118976K, reserved 557056K
  class space    used 16224K, committed 16960K, reserved 425984K
}
Event: 155.174 GC heap after
{Heap after GC invocations=94 (full 0):
 garbage-first heap   total 293888K, used 176880K [0x00000000a0000000, 0x0000000100000000)
  region size 1024K, 9 young (9216K), 9 survivors (9216K)
 Metaspace       used 117501K, committed 118976K, reserved 557056K
  class space    used 16224K, committed 16960K, reserved 425984K
}
Event: 159.785 GC heap before
{Heap before GC invocations=94 (full 0):
 garbage-first heap   total 293888K, used 246512K [0x00000000a0000000, 0x0000000100000000)
  region size 1024K, 77 young (78848K), 9 survivors (9216K)
 Metaspace       used 117739K, committed 119232K, reserved 557056K
  class space    used 16242K, committed 16960K, reserved 425984K
}
Event: 159.801 GC heap after
{Heap after GC invocations=95 (full 0):
 garbage-first heap   total 293888K, used 179800K [0x00000000a0000000, 0x0000000100000000)
  region size 1024K, 7 young (7168K), 7 survivors (7168K)
 Metaspace       used 117739K, committed 119232K, reserved 557056K
  class space    used 16242K, committed 16960K, reserved 425984K
}
Event: 166.017 GC heap before
{Heap before GC invocations=95 (full 0):
 garbage-first heap   total 293888K, used 248408K [0x00000000a0000000, 0x0000000100000000)
  region size 1024K, 75 young (76800K), 7 survivors (7168K)
 Metaspace       used 117804K, committed 119296K, reserved 557056K
  class space    used 16249K, committed 16960K, reserved 425984K
}
Event: 166.029 GC heap after
{Heap after GC invocations=96 (full 0):
 garbage-first heap   total 293888K, used 183378K [0x00000000a0000000, 0x0000000100000000)
  region size 1024K, 7 young (7168K), 7 survivors (7168K)
 Metaspace       used 117804K, committed 119296K, reserved 557056K
  class space    used 16249K, committed 16960K, reserved 425984K
}
Event: 170.786 GC heap before
{Heap before GC invocations=96 (full 0):
 garbage-first heap   total 293888K, used 247890K [0x00000000a0000000, 0x0000000100000000)
  region size 1024K, 68 young (69632K), 7 survivors (7168K)
 Metaspace       used 118370K, committed 119936K, reserved 557056K
  class space    used 16349K, committed 17088K, reserved 425984K
}
Event: 170.801 GC heap after
{Heap after GC invocations=97 (full 0):
 garbage-first heap   total 293888K, used 189527K [0x00000000a0000000, 0x0000000100000000)
  region size 1024K, 7 young (7168K), 7 survivors (7168K)
 Metaspace       used 118370K, committed 119936K, reserved 557056K
  class space    used 16349K, committed 17088K, reserved 425984K
}
Event: 173.099 GC heap before
{Heap before GC invocations=98 (full 0):
 garbage-first heap   total 342016K, used 330839K [0x00000000a0000000, 0x0000000100000000)
  region size 1024K, 64 young (65536K), 7 survivors (7168K)
 Metaspace       used 121662K, committed 123136K, reserved 557056K
  class space    used 16821K, committed 17536K, reserved 425984K
}
Event: 173.129 GC heap after
{Heap after GC invocations=99 (full 0):
 garbage-first heap   total 355328K, used 251580K [0x00000000a0000000, 0x0000000100000000)
  region size 1024K, 8 young (8192K), 8 survivors (8192K)
 Metaspace       used 121662K, committed 123136K, reserved 557056K
  class space    used 16821K, committed 17536K, reserved 425984K
}
Event: 173.402 GC heap before
{Heap before GC invocations=99 (full 0):
 garbage-first heap   total 355328K, used 259772K [0x00000000a0000000, 0x0000000100000000)
  region size 1024K, 17 young (17408K), 8 survivors (8192K)
 Metaspace       used 121889K, committed 123392K, reserved 557056K
  class space    used 16855K, committed 17600K, reserved 425984K
}
Event: 173.414 GC heap after
{Heap after GC invocations=100 (full 0):
 garbage-first heap   total 355328K, used 253772K [0x00000000a0000000, 0x0000000100000000)
  region size 1024K, 3 young (3072K), 3 survivors (3072K)
 Metaspace       used 121889K, committed 123392K, reserved 557056K
  class space    used 16855K, committed 17600K, reserved 425984K
}
Event: 174.709 GC heap before
{Heap before GC invocations=100 (full 0):
 garbage-first heap   total 355328K, used 303948K [0x00000000a0000000, 0x0000000100000000)
  region size 1024K, 50 young (51200K), 3 survivors (3072K)
 Metaspace       used 121893K, committed 123392K, reserved 557056K
  class space    used 16855K, committed 17600K, reserved 425984K
}
Event: 174.740 GC heap after
{Heap after GC invocations=101 (full 0):
 garbage-first heap   total 355328K, used 273526K [0x00000000a0000000, 0x0000000100000000)
  region size 1024K, 7 young (7168K), 7 survivors (7168K)
 Metaspace       used 121893K, committed 123392K, reserved 557056K
  class space    used 16855K, committed 17600K, reserved 425984K
}
Event: 175.142 GC heap before
{Heap before GC invocations=101 (full 0):
 garbage-first heap   total 355328K, used 302198K [0x00000000a0000000, 0x0000000100000000)
  region size 1024K, 32 young (32768K), 7 survivors (7168K)
 Metaspace       used 121893K, committed 123392K, reserved 557056K
  class space    used 16855K, committed 17600K, reserved 425984K
}
Event: 175.167 GC heap after
{Heap after GC invocations=102 (full 0):
 garbage-first heap   total 355328K, used 289187K [0x00000000a0000000, 0x0000000100000000)
  region size 1024K, 4 young (4096K), 4 survivors (4096K)
 Metaspace       used 121893K, committed 123392K, reserved 557056K
  class space    used 16855K, committed 17600K, reserved 425984K
}
Event: 175.580 GC heap before
{Heap before GC invocations=102 (full 0):
 garbage-first heap   total 355328K, used 303523K [0x00000000a0000000, 0x0000000100000000)
  region size 1024K, 19 young (19456K), 4 survivors (4096K)
 Metaspace       used 122951K, committed 124480K, reserved 557056K
  class space    used 17063K, committed 17792K, reserved 425984K
}
Event: 175.602 GC heap after
{Heap after GC invocations=103 (full 0):
 garbage-first heap   total 355328K, used 294651K [0x00000000a0000000, 0x0000000100000000)
  region size 1024K, 3 young (3072K), 3 survivors (3072K)
 Metaspace       used 122951K, committed 124480K, reserved 557056K
  class space    used 17063K, committed 17792K, reserved 425984K
}

